<?xml version="1.0" encoding="utf-8"?><testsuites name="pytest tests"><testsuite name="pytest" errors="0" failures="0" skipped="0" tests="19" time="24.592" timestamp="2026-04-24T01:32:29.812153+00:00" hostname="agent-env-3f42a4f7-7601-4f59-b4d4-13805e5b3f2f"><testcase classname="backend_test" name="test_root" time="1.179" /><testcase classname="backend_test.TestProducts" name="test_list_products_has_12" time="0.797" /><testcase classname="backend_test.TestProducts" name="test_filter_category_hoodies" time="0.882" /><testcase classname="backend_test.TestProducts" name="test_sort_price_asc" time="0.672" /><testcase classname="backend_test.TestProducts" name="test_sort_price_desc" time="0.739" /><testcase classname="backend_test.TestProducts" name="test_get_product_by_id" time="1.415" /><testcase classname="backend_test.TestProducts" name="test_get_product_not_found" time="0.731" /><testcase classname="backend_test.TestOrders" name="test_create_order_shipping_charged" time="1.375" /><testcase classname="backend_test.TestOrders" name="test_create_order_free_shipping" time="1.385" /><testcase classname="backend_test.TestOrders" name="test_mock_pay_success_then_fail" time="3.585" /><testcase classname="backend_test.TestAuth" name="test_me_401_no_auth" time="0.736" /><testcase classname="backend_test.TestAuth" name="test_me_with_bearer" time="0.765" /><testcase classname="backend_test.TestAuth" name="test_my_orders_401" time="0.703" /><testcase classname="backend_test.TestAuth" name="test_my_orders_authed_scoped" time="2.184" /><testcase classname="backend_test.TestAdmin" name="test_admin_requires_auth" time="2.159" /><testcase classname="backend_test.TestAdmin" name="test_admin_stats" time="0.732" /><testcase classname="backend_test.TestAdmin" name="test_admin_orders_list" time="0.720" /><testcase classname="backend_test.TestAdmin" name="test_admin_update_status" time="2.968" /><testcase classname="backend_test.TestAdmin" name="test_admin_update_status_invalid" time="0.724" /></testsuite></testsuites>